\BOOKMARK [1][-]{section.1}{\376\377\000I\000n\000t\000r\000o\000d\000u\000k\000s\000j\000o\000n\000\040\000-\000\040\000P\000r\000a\000k\000t\000i\000s\000k\000\040\000r\000u\000n\000d\000t\000\040\000l\000a\000b\000e\000n}{}% 1
\BOOKMARK [1][-]{section.2}{\376\377\000I\000n\000t\000r\000o\000d\000u\000k\000s\000j\000o\000n\000\040\000-\000\040\000P\000r\000a\000k\000t\000i\000s\000k\000\040\000r\000u\000n\000d\000t\000\040\000d\000e\000\040\000u\000t\000l\000e\000v\000e\000r\000t\000e\000\040\000f\000i\000l\000e\000n\000e}{}% 2
\BOOKMARK [1][-]{section.3}{\376\377\000I\000n\000t\000r\000o\000d\000u\000k\000s\000j\000o\000n\000\040\000-\000\040\000H\000e\000i\000s\000e\000n\000\040\000p\000\345\000\040\000s\000a\000n\000n\000t\000i\000d\000s\000l\000a\000b\000e\000n}{}% 3
\BOOKMARK [2][-]{subsection.3.1}{\376\377\000H\000e\000i\000s\000m\000o\000d\000e\000l\000l}{section.3}% 4
\BOOKMARK [2][-]{subsection.3.2}{\376\377\000B\000e\000t\000j\000e\000n\000i\000n\000g\000s\000b\000o\000k\000s}{section.3}% 5
\BOOKMARK [2][-]{subsection.3.3}{\376\377\000M\000o\000t\000o\000r\000s\000t\000y\000r\000i\000n\000g\000s\000b\000o\000k\000s}{section.3}% 6
\BOOKMARK [2][-]{subsection.3.4}{\376\377\000V\000i\000r\000k\000e\000m\000\345\000t\000e\000\040\000o\000g\000\040\000o\000p\000p\000k\000o\000b\000l\000i\000n\000g}{section.3}% 7
\BOOKMARK [1][-]{appendix.A}{\376\377\000A\000p\000p\000e\000n\000d\000i\000k\000s\000\040\000-\000\040\000V\000-\000m\000o\000d\000e\000l\000l\000e\000n}{}% 8
\BOOKMARK [2][-]{subsection.A.1}{\376\377\000A\000r\000k\000i\000t\000e\000k\000t\000u\000r\000d\000e\000s\000i\000g\000n}{appendix.A}% 9
\BOOKMARK [2][-]{subsection.A.2}{\376\377\000M\000o\000d\000u\000l\000d\000e\000s\000i\000g\000n}{appendix.A}% 10
\BOOKMARK [2][-]{subsection.A.3}{\376\377\000I\000m\000p\000l\000e\000m\000e\000n\000t\000a\000s\000j\000o\000n}{appendix.A}% 11
\BOOKMARK [2][-]{subsection.A.4}{\376\377\000E\000n\000h\000e\000t\000s\000t\000e\000s\000t\000i\000n\000g}{appendix.A}% 12
\BOOKMARK [2][-]{subsection.A.5}{\376\377\000I\000n\000t\000e\000g\000r\000a\000s\000j\000o\000n\000s\000t\000e\000s\000t\000i\000n\000g}{appendix.A}% 13
\BOOKMARK [1][-]{appendix.B}{\376\377\000F\000A\000T\000\040\000-\000\040\000F\000a\000c\000t\000o\000r\000y\000\040\000A\000c\000c\000e\000p\000t\000a\000n\000c\000e\000\040\000T\000e\000s\000t}{}% 14
\BOOKMARK [2][-]{subsection.B.1}{\376\377\000F\000A\000T\000\040\000-\000\040\000H\000e\000i\000s\000s\000p\000e\000s\000i\000f\000i\000k\000a\000s\000j\000o\000n\000e\000r}{appendix.B}% 15
\BOOKMARK [2][-]{subsection.B.2}{\376\377\000F\000A\000T\000\040\000-\000\040\000T\000e\000s\000t\000s\000p\000e\000s\000i\000f\000i\000k\000a\000s\000j\000o\000n\000e\000r}{appendix.B}% 16
\BOOKMARK [1][-]{appendix.C}{\376\377\000A\000p\000p\000e\000n\000d\000i\000k\000s\000\040\000-\000\040\000B\000r\000u\000k\000\040\000a\000v\000\040\000K\000I}{}% 17
\BOOKMARK [1][-]{appendix.D}{\376\377\000A\000p\000p\000e\000n\000d\000i\000k\000s\000\040\000-\000\040\000K\000o\000m\000m\000e\000n\000t\000a\000r\000\040\000t\000i\000l\000\040\000r\000e\000f\000l\000e\000k\000s\000j\000o\000n\000s\000d\000e\000l\000e\000n}{}% 18
\BOOKMARK [2][-]{subsection.D.1}{\376\377\000U\000M\000L\000\040\000o\000g\000\040\000V\000-\000m\000o\000d\000e\000l\000l\000e\000n}{appendix.D}% 19
\BOOKMARK [2][-]{subsection.D.2}{\376\377\000K\000I}{appendix.D}% 20
\BOOKMARK [2][-]{subsection.D.3}{\376\377\000R\000o\000b\000u\000s\000t\000h\000e\000t\000,\000\040\000s\000k\000a\000l\000a\000r\000b\000a\000r\000h\000e\000t\000\040\000o\000g\000\040\000v\000e\000d\000l\000i\000k\000e\000h\000o\000l\000d}{appendix.D}% 21
\BOOKMARK [1][-]{appendix.E}{\376\377\000A\000p\000p\000e\000n\000d\000i\000k\000s\000\040\000-\000\040\000H\000e\000i\000s\000s\000i\000m\000u\000l\000a\000t\000o\000r\000\040}{}% 22
\BOOKMARK [2][-]{subsection.E.1}{\376\377\000I\000n\000i\000t\000i\000a\000l\000i\000s\000e\000r\000i\000n\000g\000\040\000a\000v\000\040\000h\000e\000i\000s\000s\000i\000m\000u\000l\000a\000t\000o\000r}{appendix.E}% 23
\BOOKMARK [2][-]{subsection.E.2}{\376\377\000H\000e\000i\000s\000s\000i\000m\000u\000l\000a\000t\000o\000r\000\040\000g\000r\000e\000n\000s\000e\000s\000n\000i\000t\000t}{appendix.E}% 24
\BOOKMARK [2][-]{subsection.E.3}{\376\377\000H\000v\000o\000r\000d\000a\000n\000\040\000b\000r\000u\000k\000e\000\040\000s\000i\000m\000u\000l\000a\000t\000o\000r\000e\000n}{appendix.E}% 25
\BOOKMARK [2][-]{subsection.E.4}{\376\377\000H\000e\000i\000s\000s\000i\000m\000u\000l\000a\000t\000o\000r\000\040\000f\000o\000r\000\040\000M\000a\000c\000O\000S\000\040\000o\000g\000\040\000W\000i\000n\000d\000o\000w\000s}{appendix.E}% 26
\BOOKMARK [1][-]{appendix.F}{\376\377\000A\000p\000p\000e\000n\000d\000i\000k\000s\000\040\000-\000\040\000K\000o\000d\000e\000k\000v\000a\000l\000i\000t\000e\000t}{}% 27
\BOOKMARK [2][-]{subsection.F.1}{\376\377\000M\000o\000d\000u\000l\000e\000r}{appendix.F}% 28
\BOOKMARK [2][-]{subsection.F.2}{\376\377\000F\000u\000n\000k\000s\000j\000o\000n\000e\000r}{appendix.F}% 29
\BOOKMARK [2][-]{subsection.F.3}{\376\377\000V\000a\000r\000i\000a\000b\000l\000e\000r}{appendix.F}% 30
\BOOKMARK [2][-]{subsection.F.4}{\376\377\000K\000o\000m\000m\000e\000n\000t\000a\000r\000e\000r}{appendix.F}% 31
\BOOKMARK [2][-]{subsection.F.5}{\376\377\000\330\000v\000r\000i\000g}{appendix.F}% 32
